{"/Users/hanwoongkim/workspace/vue-ts__/src/components/HelloWorld/container.ts": {"path":"/Users/hanwoongkim/workspace/vue-ts__/src/components/HelloWorld/container.ts","statementMap":{"0":{"start":{"line":1,"column":0},"end":{"line":1,"column":61}},"1":{"start":{"line":4,"column":0},"end":{"line":6,"column":1}},"2":{"start":{"line":5,"column":10},"end":{"line":5,"column":31}},"3":{"start":{"line":4,"column":21},"end":{"line":6,"column":1}}},"fnMap":{},"branchMap":{},"s":{"0":1,"1":1,"2":1,"3":1},"f":{},"b":{}}
}
